<?xml version="1.0" encoding="UTF-8"?>
<testsuite xmlns:xsi="http://www.w3.org/2001/XMLSchema-instance" xsi:noNamespaceSchemaLocation="https://maven.apache.org/surefire/maven-surefire-plugin/xsd/surefire-test-report-3.0.xsd" version="3.0" name="br.com.pulse.mybatis_demo.MybatisDemoApplicationTests" time="4.331" tests="1" errors="0" skipped="0" failures="0">
  <properties>
[...]
</properties>
  <testcase name="contextLoads" classname="br.com.pulse.mybatis_demo.MybatisDemoApplicationTests" time="0.953">
    <system-out><![CDATA[16:46:15.036 [main] INFO org.springframework.test.context.support.AnnotationConfigContextLoaderUtils -- Could not detect default configuration classes for test class [br.com.pulse.mybatis_demo.MybatisDemoApplicationTests]: MybatisDemoApplicationTests does not declare any static, non-private, non-final, nested classes annotated with @Configuration.
16:46:15.163 [main] INFO org.springframework.boot.test.context.SpringBootTestContextBootstrapper -- Found @SpringBootConfiguration br.com.pulse.mybatis_demo.MybatisDemoApplication for test class br.com.pulse.mybatis_demo.MybatisDemoApplicationTests

  .   ____          _            __ _ _
 /\\ / ___'_ __ _ _(_)_ __  __ _ \ \ \ \
( ( )\___ | '_ | '_| | '_ \/ _` | \ \ \ \
 \\/  ___)| |_)| | | | | || (_| |  ) ) ) )
  '  |____| .__|_| |_|_| |_\__, | / / / /
 =========|_|==============|___/=/_/_/_/

 :: Spring Boot ::                (v3.3.3)

2024-10-22T16:46:15.839-03:00  INFO 16256 --- [           main] b.c.p.m.MybatisDemoApplicationTests      : Starting MybatisDemoApplicationTests using Java 22.0.2 with PID 16256 (started by ruans in C:\Users\ruans\Documents\GitHub\my-batis\java-mybatis)
2024-10-22T16:46:15.840-03:00  INFO 16256 --- [           main] b.c.p.m.MybatisDemoApplicationTests      : No active profile set, falling back to 1 default profile: "default"
2024-10-22T16:46:16.535-03:00  INFO 16256 --- [           main] .s.d.r.c.RepositoryConfigurationDelegate : Bootstrapping Spring Data JDBC repositories in DEFAULT mode.
2024-10-22T16:46:16.551-03:00  INFO 16256 --- [           main] .s.d.r.c.RepositoryConfigurationDelegate : Finished Spring Data repository scanning in 9 ms. Found 0 JDBC repository interfaces.
2024-10-22T16:46:16.947-03:00  INFO 16256 --- [           main] com.zaxxer.hikari.HikariDataSource       : HikariPool-1 - Starting...
2024-10-22T16:46:17.181-03:00  INFO 16256 --- [           main] com.zaxxer.hikari.pool.HikariPool        : HikariPool-1 - Added connection conn0: url=jdbc:h2:mem:teste user=SA
2024-10-22T16:46:17.183-03:00  INFO 16256 --- [           main] com.zaxxer.hikari.HikariDataSource       : HikariPool-1 - Start completed.
2024-10-22T16:46:18.149-03:00  INFO 16256 --- [           main] o.s.b.a.h2.H2ConsoleAutoConfiguration    : H2 console available at '/h2'. Database available at 'jdbc:h2:mem:teste'
2024-10-22T16:46:18.192-03:00  INFO 16256 --- [           main] b.c.p.m.MybatisDemoApplicationTests      : Started MybatisDemoApplicationTests in 2.857 seconds (process running for 3.978)
]]></system-out>
    <system-err><![CDATA[WARNING: A Java agent has been loaded dynamically (C:\Users\ruans\.m2\repository\net\bytebuddy\byte-buddy-agent\1.14.19\byte-buddy-agent-1.14.19.jar)
WARNING: If a serviceability tool is in use, please run with -XX:+EnableDynamicAgentLoading to hide this warning
WARNING: If a serviceability tool is not in use, please run with -Djdk.instrument.traceUsage for more information
WARNING: Dynamic loading of agents will be disallowed by default in a future release
]]></system-err>
  </testcase>
</testsuite>